This file contains any messages produced by compilers while
running configure, to aid debugging if configure makes a mistake.

It was created by libdnet configure 1.13, which was
generated by GNU Autoconf 2.69.  Invocation command line was

  $ ./configure --host=x86_64-w64-mingw32 --build=x86_64-w64-mingw32 --disable-python

## --------- ##
## Platform. ##
## --------- ##

hostname = DESKTOP-GJKS1DP
uname -m = x86_64
uname -r = 3.6.6-2369286a.x86_64
uname -s = MINGW64_NT-10.0-26200
uname -v = 2026-01-14 12:29 UTC

/usr/bin/uname -p = unknown
/bin/uname -X     = unknown

/bin/arch              = x86_64
/usr/bin/arch -k       = unknown
/usr/convex/getsysinfo = unknown
/usr/bin/hostinfo      = unknown
/bin/machine           = unknown
/usr/bin/oslevel       = unknown
/bin/universe          = unknown

PATH: /mingw64/bin
PATH: /usr/local/bin
PATH: /usr/bin
PATH: /bin
PATH: /c/Windows/System32
PATH: /c/Windows
PATH: /c/Windows/System32/Wbem
PATH: /c/Windows/System32/WindowsPowerShell/v1.0/
PATH: /usr/bin/site_perl
PATH: /usr/bin/vendor_perl
PATH: /usr/bin/core_perl


## ----------- ##
## Core tests. ##
## ----------- ##

configure:2245: loading site script /etc/config.site
| # This file is in public domain.
| # Original author: Karlson2k (Evgeny Grin)
| # Written for MSys2 to help running 'configure' scripts
| 
| # Defaults for MSys2/MinGW64-targeted programs
| 
| # Set proper selfname on bash and fallback to default name on other shells
| test -n "${BASH_SOURCE}" 2>/dev/null && config_site_me="${BASH_SOURCE[0]##*/}" || config_site_me=config.site
| 
| # Set default 'host' to speedup configure
| if test -z "$build_alias"; then
|   build_alias="${MSYSTEM_CHOST}"  && \
|     ${as_echo-echo} "$config_site_me:${as_lineno-$LINENO}: default build_alias set to $build_alias" >&5
| fi
| 
| # Set default 'prefix'
| if ( test -z "$prefix" || test "x$prefix" = "xNONE" ) && \
|     ( test -z "$exec_prefix" || test "x$exec_prefix" = "xNONE" ); then
|   prefix="${MSYSTEM_PREFIX}" && \
|     ${as_echo-echo} "$config_site_me:${as_lineno-$LINENO}: default prefix set to $prefix" >&5
| fi
config.site:20: default prefix set to /mingw64
configure:2391: checking for a BSD-compatible install
configure:2459: result: /usr/bin/install -c
configure:2470: checking whether build environment is sane
configure:2525: result: yes
configure:2676: checking for a thread-safe mkdir -p
configure:2715: result: /usr/bin/mkdir -p
configure:2722: checking for gawk
configure:2738: found /usr/bin/gawk
configure:2749: result: gawk
configure:2760: checking whether make sets $(MAKE)
configure:2782: result: yes
configure:2811: checking whether make supports nested variables
configure:2828: result: yes
configure:2959: checking whether to enable maintainer-specific portions of Makefiles
configure:2968: result: no
configure:2986: checking build system type
configure:3000: result: x86_64-w64-mingw32
configure:3020: checking host system type
configure:3033: result: x86_64-w64-mingw32
configure:3071: checking for x86_64-w64-mingw32-gcc
configure:3087: found /mingw64/bin/x86_64-w64-mingw32-gcc
configure:3098: result: x86_64-w64-mingw32-gcc
configure:3367: checking for C compiler version
configure:3376: x86_64-w64-mingw32-gcc --version >&5
x86_64-w64-mingw32-gcc.exe (Rev13, Built by MSYS2 project) 15.2.0
Copyright (C) 2025 Free Software Foundation, Inc.
This is free software; see the source for copying conditions.  There is NO
warranty; not even for MERCHANTABILITY or FITNESS FOR A PARTICULAR PURPOSE.

configure:3387: $? = 0
configure:3376: x86_64-w64-mingw32-gcc -v >&5
Using built-in specs.
COLLECT_GCC=C:\msys64\mingw64\bin\x86_64-w64-mingw32-gcc.exe
COLLECT_LTO_WRAPPER=C:/msys64/mingw64/bin/../lib/gcc/x86_64-w64-mingw32/15.2.0/lto-wrapper.exe
Target: x86_64-w64-mingw32
Configured with: ../gcc-15.2.0/configure --prefix=/mingw64 --with-local-prefix=/mingw64/local --libexecdir=/mingw64/lib --enable-bootstrap --enable-checking=release --with-arch=nocona --with-tune=generic --enable-mingw-wildcard --enable-languages=c,lto,c++,fortran,ada,objc,obj-c++,jit --enable-shared --enable-static --enable-libatomic --enable-threads=posix --enable-graphite --enable-fully-dynamic-string --enable-libstdcxx-backtrace=yes --enable-libstdcxx-filesystem-ts --enable-libstdcxx-time --disable-libstdcxx-pch --enable-lto --enable-libgomp --disable-libssp --disable-multilib --disable-rpath --disable-win32-registry --disable-nls --disable-werror --disable-symvers --with-libiconv --with-system-zlib --with-gmp=/mingw64 --with-mpfr=/mingw64 --with-mpc=/mingw64 --with-isl=/mingw64 --with-pkgversion='Rev13, Built by MSYS2 project' --with-bugurl=https://github.com/msys2/MINGW-packages/issues --with-gnu-as --with-gnu-ld --with-libstdcxx-zoneinfo=yes --disable-libstdcxx-debug --enable-plugin --with-boot-ldflags=-static-libstdc++ --with-stage1-ldflags=-static-libstdc++
Thread model: posix
Supported LTO compression algorithms: zlib zstd
gcc version 15.2.0 (Rev13, Built by MSYS2 project) 
configure:3387: $? = 0
configure:3376: x86_64-w64-mingw32-gcc -V >&5
x86_64-w64-mingw32-gcc.exe: error: unrecognized command-line option '-V'
x86_64-w64-mingw32-gcc.exe: fatal error: no input files
compilation terminated.
configure:3387: $? = 1
configure:3376: x86_64-w64-mingw32-gcc -qversion >&5
x86_64-w64-mingw32-gcc.exe: error: unrecognized command-line option '-qversion'; did you mean '--version'?
x86_64-w64-mingw32-gcc.exe: fatal error: no input files
compilation terminated.
configure:3387: $? = 1
configure:3407: checking whether the C compiler works
configure:3429: x86_64-w64-mingw32-gcc    conftest.c  >&5
configure:3433: $? = 0
configure:3481: result: yes
configure:3484: checking for C compiler default output file name
configure:3486: result: a.exe
configure:3492: checking for suffix of executables
configure:3499: x86_64-w64-mingw32-gcc -o conftest.exe    conftest.c  >&5
configure:3503: $? = 0
configure:3525: result: .exe
configure:3547: checking whether we are cross compiling
configure:3555: x86_64-w64-mingw32-gcc -o conftest.exe    conftest.c  >&5
configure:3559: $? = 0
configure:3566: ./conftest.exe
configure:3570: $? = 0
configure:3585: result: no
configure:3590: checking for suffix of object files
configure:3612: x86_64-w64-mingw32-gcc -c   conftest.c >&5
configure:3616: $? = 0
configure:3637: result: o
configure:3641: checking whether we are using the GNU C compiler
configure:3660: x86_64-w64-mingw32-gcc -c   conftest.c >&5
configure:3660: $? = 0
configure:3669: result: yes
configure:3678: checking whether x86_64-w64-mingw32-gcc accepts -g
configure:3698: x86_64-w64-mingw32-gcc -c -g  conftest.c >&5
configure:3698: $? = 0
configure:3739: result: yes
configure:3756: checking for x86_64-w64-mingw32-gcc option to accept ISO C89
configure:3819: x86_64-w64-mingw32-gcc  -c -g -O2  conftest.c >&5
conftest.c: In function 'e':
conftest.c:17:14: warning: old-style function definition [-Wold-style-definition]
   17 | static char *e (p, i)
      |              ^
configure:3819: $? = 0
configure:3832: result: none needed
configure:3857: checking whether x86_64-w64-mingw32-gcc understands -c and -o together
configure:3879: x86_64-w64-mingw32-gcc -c conftest.c -o conftest2.o
configure:3882: $? = 0
configure:3879: x86_64-w64-mingw32-gcc -c conftest.c -o conftest2.o
configure:3882: $? = 0
configure:3894: result: yes
configure:3914: checking whether make supports the include directive
configure:3929: make -f confmf.GNU && cat confinc.out
this is the am__doit target
configure:3932: $? = 0
configure:3951: result: yes (GNU style)
configure:3976: checking dependency style of x86_64-w64-mingw32-gcc
configure:4087: result: none
configure:4153: checking how to print strings
configure:4180: result: printf
configure:4201: checking for a sed that does not truncate output
configure:4265: result: /usr/bin/sed
configure:4283: checking for grep that handles long lines and -e
configure:4341: result: /usr/bin/grep
configure:4346: checking for egrep
configure:4408: result: /usr/bin/grep -E
configure:4413: checking for fgrep
configure:4475: result: /usr/bin/grep -F
configure:4510: checking for ld used by x86_64-w64-mingw32-gcc
configure:4577: result: C:/msys64/mingw64/x86_64-w64-mingw32/bin/ld.exe
configure:4584: checking if the linker (C:/msys64/mingw64/x86_64-w64-mingw32/bin/ld.exe) is GNU ld
configure:4599: result: yes
configure:4611: checking for BSD- or MS-compatible name lister (nm)
configure:4665: result: /mingw64/bin/nm -B
configure:4795: checking the name lister (/mingw64/bin/nm -B) interface
configure:4802: x86_64-w64-mingw32-gcc -c -g -O2  conftest.c >&5
configure:4805: /mingw64/bin/nm -B "conftest.o"
configure:4808: output
0000000000000000 b .bss
0000000000000000 d .data
0000000000000000 N .debug_abbrev
0000000000000000 N .debug_aranges
0000000000000000 N .debug_info
0000000000000000 N .debug_line
0000000000000000 N .debug_line_str
0000000000000000 r .rdata$zzz
0000000000000000 t .text
0000000000000000 B some_variable
configure:4815: result: BSD nm
configure:4818: checking whether ln -s works
configure:4825: result: no, using cp -pR
configure:4830: checking the maximum length of command line arguments
configure:4961: result: 8192
configure:5009: checking how to convert x86_64-w64-mingw32 file names to x86_64-w64-mingw32 format
configure:5049: result: func_convert_file_msys_to_w32
configure:5056: checking how to convert x86_64-w64-mingw32 file names to toolchain format
configure:5076: result: func_convert_file_msys_to_w32
configure:5083: checking for C:/msys64/mingw64/x86_64-w64-mingw32/bin/ld.exe option to reload object files
configure:5090: result: -r
configure:5124: checking for x86_64-w64-mingw32-objdump
configure:5154: result: no
configure:5164: checking for objdump
configure:5180: found /mingw64/bin/objdump
configure:5191: result: objdump
configure:5223: checking how to recognize dependent libraries
configure:5423: result: file_magic ^x86 archive import|^x86 DLL
configure:5468: checking for x86_64-w64-mingw32-dlltool
configure:5498: result: no
configure:5508: checking for dlltool
configure:5524: found /mingw64/bin/dlltool
configure:5535: result: dlltool
configure:5568: checking how to associate runtime and link libraries
configure:5595: result: func_cygming_dll_for_implib
configure:5612: checking for x86_64-w64-mingw32-ar
configure:5642: result: no
configure:5656: checking for ar
configure:5672: found /mingw64/bin/ar
configure:5683: result: ar
configure:5720: checking for archiver @FILE support
configure:5737: x86_64-w64-mingw32-gcc -c -g -O2  conftest.c >&5
configure:5737: $? = 0
configure:5740: ar cru libconftest.a @conftest.lst >&5
C:\msys64\mingw64\bin\ar.exe: `u' modifier ignored since `D' is the default (see `U')
configure:5743: $? = 0
configure:5748: ar cru libconftest.a @conftest.lst >&5
C:\msys64\mingw64\bin\ar.exe: `u' modifier ignored since `D' is the default (see `U')
C:\msys64\mingw64\bin\ar.exe: conftest.o: No such file or directory
configure:5751: $? = 1
configure:5763: result: @
configure:5781: checking for x86_64-w64-mingw32-strip
configure:5811: result: no
configure:5821: checking for strip
configure:5837: found /mingw64/bin/strip
configure:5848: result: strip
configure:5880: checking for x86_64-w64-mingw32-ranlib
configure:5910: result: no
configure:5920: checking for ranlib
configure:5936: found /mingw64/bin/ranlib
configure:5947: result: ranlib
configure:6049: checking command to parse /mingw64/bin/nm -B output from x86_64-w64-mingw32-gcc object
configure:6202: x86_64-w64-mingw32-gcc -c -g -O2  conftest.c >&5
configure:6205: $? = 0
configure:6209: /mingw64/bin/nm -B conftest.o \| sed -n -e 's/^.*[ ]\([ABCDGIRSTW][ABCDGIRSTW]*\)[ ][ ]*\([_A-Za-z][_A-Za-z0-9]*\)\{0,1\}$/\1 \2 \2/p' | sed '/ __gnu_lto/d' \> conftest.nm
configure:6212: $? = 0
configure:6278: x86_64-w64-mingw32-gcc -o conftest.exe -g -O2   conftest.c conftstm.o >&5
configure:6281: $? = 0
configure:6319: result: ok
configure:6366: checking for sysroot
configure:6396: result: no
configure:6403: checking for a working dd
configure:6441: result: /usr/bin/dd
configure:6445: checking how to truncate binary pipes
configure:6460: result: /usr/bin/dd bs=4096 count=1
configure:6749: checking for x86_64-w64-mingw32-mt
configure:6779: result: no
configure:6789: checking for mt
configure:6819: result: no
configure:6839: checking if : is a manifest tool
configure:6845: : '-?'
configure:6853: result: no
configure:7530: checking how to run the C preprocessor
configure:7561: x86_64-w64-mingw32-gcc -E  conftest.c
configure:7561: $? = 0
configure:7575: x86_64-w64-mingw32-gcc -E  conftest.c
conftest.c:11:10: fatal error: ac_nonexistent.h: No such file or directory
   11 | #include <ac_nonexistent.h>
      |          ^~~~~~~~~~~~~~~~~~
compilation terminated.
configure:7575: $? = 1
configure: failed program was:
| /* confdefs.h */
| #define PACKAGE_NAME "libdnet"
| #define PACKAGE_TARNAME "libdnet"
| #define PACKAGE_VERSION "1.13"
| #define PACKAGE_STRING "libdnet 1.13"
| #define PACKAGE_BUGREPORT ""
| #define PACKAGE_URL ""
| #define PACKAGE "libdnet"
| #define VERSION "1.13"
| /* end confdefs.h.  */
| #include <ac_nonexistent.h>
configure:7600: result: x86_64-w64-mingw32-gcc -E
configure:7620: x86_64-w64-mingw32-gcc -E  conftest.c
configure:7620: $? = 0
configure:7634: x86_64-w64-mingw32-gcc -E  conftest.c
conftest.c:11:10: fatal error: ac_nonexistent.h: No such file or directory
   11 | #include <ac_nonexistent.h>
      |          ^~~~~~~~~~~~~~~~~~
compilation terminated.
configure:7634: $? = 1
configure: failed program was:
| /* confdefs.h */
| #define PACKAGE_NAME "libdnet"
| #define PACKAGE_TARNAME "libdnet"
| #define PACKAGE_VERSION "1.13"
| #define PACKAGE_STRING "libdnet 1.13"
| #define PACKAGE_BUGREPORT ""
| #define PACKAGE_URL ""
| #define PACKAGE "libdnet"
| #define VERSION "1.13"
| /* end confdefs.h.  */
| #include <ac_nonexistent.h>
configure:7663: checking for ANSI C header files
configure:7683: x86_64-w64-mingw32-gcc -c -g -O2  conftest.c >&5
configure:7683: $? = 0
configure:7756: x86_64-w64-mingw32-gcc -o conftest.exe -g -O2   conftest.c  >&5
configure:7756: $? = 0
configure:7756: ./conftest.exe
configure:7756: $? = 0
configure:7767: result: yes
configure:7780: checking for sys/types.h
configure:7780: x86_64-w64-mingw32-gcc -c -g -O2  conftest.c >&5
configure:7780: $? = 0
configure:7780: result: yes
configure:7780: checking for sys/stat.h
configure:7780: x86_64-w64-mingw32-gcc -c -g -O2  conftest.c >&5
configure:7780: $? = 0
configure:7780: result: yes
configure:7780: checking for stdlib.h
configure:7780: x86_64-w64-mingw32-gcc -c -g -O2  conftest.c >&5
configure:7780: $? = 0
configure:7780: result: yes
configure:7780: checking for string.h
configure:7780: x86_64-w64-mingw32-gcc -c -g -O2  conftest.c >&5
configure:7780: $? = 0
configure:7780: result: yes
configure:7780: checking for memory.h
configure:7780: x86_64-w64-mingw32-gcc -c -g -O2  conftest.c >&5
configure:7780: $? = 0
configure:7780: result: yes
configure:7780: checking for strings.h
configure:7780: x86_64-w64-mingw32-gcc -c -g -O2  conftest.c >&5
configure:7780: $? = 0
configure:7780: result: yes
configure:7780: checking for inttypes.h
configure:7780: x86_64-w64-mingw32-gcc -c -g -O2  conftest.c >&5
configure:7780: $? = 0
configure:7780: result: yes
configure:7780: checking for stdint.h
configure:7780: x86_64-w64-mingw32-gcc -c -g -O2  conftest.c >&5
configure:7780: $? = 0
configure:7780: result: yes
configure:7780: checking for unistd.h
configure:7780: x86_64-w64-mingw32-gcc -c -g -O2  conftest.c >&5
configure:7780: $? = 0
configure:7780: result: yes
configure:7794: checking for dlfcn.h
configure:7794: x86_64-w64-mingw32-gcc -c -g -O2  conftest.c >&5
conftest.c:55:10: fatal error: dlfcn.h: No such file or directory
   55 | #include <dlfcn.h>
      |          ^~~~~~~~~
compilation terminated.
configure:7794: $? = 1
configure: failed program was:
| /* confdefs.h */
| #define PACKAGE_NAME "libdnet"
| #define PACKAGE_TARNAME "libdnet"
| #define PACKAGE_VERSION "1.13"
| #define PACKAGE_STRING "libdnet 1.13"
| #define PACKAGE_BUGREPORT ""
| #define PACKAGE_URL ""
| #define PACKAGE "libdnet"
| #define VERSION "1.13"
| #define STDC_HEADERS 1
| #define HAVE_SYS_TYPES_H 1
| #define HAVE_SYS_STAT_H 1
| #define HAVE_STDLIB_H 1
| #define HAVE_STRING_H 1
| #define HAVE_MEMORY_H 1
| #define HAVE_STRINGS_H 1
| #define HAVE_INTTYPES_H 1
| #define HAVE_STDINT_H 1
| #define HAVE_UNISTD_H 1
| /* end confdefs.h.  */
| #include <stdio.h>
| #ifdef HAVE_SYS_TYPES_H
| # include <sys/types.h>
| #endif
| #ifdef HAVE_SYS_STAT_H
| # include <sys/stat.h>
| #endif
| #ifdef STDC_HEADERS
| # include <stdlib.h>
| # include <stddef.h>
| #else
| # ifdef HAVE_STDLIB_H
| #  include <stdlib.h>
| # endif
| #endif
| #ifdef HAVE_STRING_H
| # if !defined STDC_HEADERS && defined HAVE_MEMORY_H
| #  include <memory.h>
| # endif
| # include <string.h>
| #endif
| #ifdef HAVE_STRINGS_H
| # include <strings.h>
| #endif
| #ifdef HAVE_INTTYPES_H
| # include <inttypes.h>
| #endif
| #ifdef HAVE_STDINT_H
| # include <stdint.h>
| #endif
| #ifdef HAVE_UNISTD_H
| # include <unistd.h>
| #endif
| 
| #include <dlfcn.h>
configure:7794: result: no
configure:8048: checking for objdir
configure:8063: result: .libs
configure:8327: checking if x86_64-w64-mingw32-gcc supports -fno-rtti -fno-exceptions
configure:8345: x86_64-w64-mingw32-gcc -c -g -O2  -fno-rtti -fno-exceptions conftest.c >&5
cc1.exe: warning: command-line option '-fno-rtti' is valid for C++/D/ObjC++ but not for C
configure:8349: $? = 0
configure:8362: result: no
configure:8720: checking for x86_64-w64-mingw32-gcc option to produce PIC
configure:8727: result: -DDLL_EXPORT -DPIC
configure:8735: checking if x86_64-w64-mingw32-gcc PIC flag -DDLL_EXPORT -DPIC works
configure:8753: x86_64-w64-mingw32-gcc -c -g -O2  -DDLL_EXPORT -DPIC -DPIC conftest.c >&5
configure:8757: $? = 0
configure:8770: result: yes
configure:8799: checking if x86_64-w64-mingw32-gcc static flag -static works
configure:8827: result: yes
configure:8842: checking if x86_64-w64-mingw32-gcc supports -c -o file.o
configure:8863: x86_64-w64-mingw32-gcc -c -g -O2  -o out/conftest2.o conftest.c >&5
configure:8867: $? = 0
configure:8889: result: yes
configure:8897: checking if x86_64-w64-mingw32-gcc supports -c -o file.o
configure:8944: result: yes
configure:8977: checking whether the x86_64-w64-mingw32-gcc linker (C:/msys64/mingw64/x86_64-w64-mingw32/bin/ld.exe) supports shared libraries
configure:10240: result: yes
configure:10277: checking whether -lc should be explicitly linked in
configure:10285: x86_64-w64-mingw32-gcc -c -g -O2  conftest.c >&5
configure:10288: $? = 0
configure:10303: x86_64-w64-mingw32-gcc -shared conftest.o  -v -o ./conftest -Wl,--enable-auto-image-base -Xlinker --out-implib -Xlinker conftest 2\>\&1 \| /usr/bin/grep  -lc  \>/dev/null 2\>\&1
configure:10306: $? = 1
configure:10320: result: yes
configure:10480: checking dynamic linker characteristics
configure:11310: result: Win32 ld.exe
configure:11432: checking how to hardcode library paths into programs
configure:11457: result: immediate
configure:12005: checking whether stripping libraries is possible
configure:12010: result: yes
configure:12045: checking if libtool supports shared libraries
configure:12047: result: yes
configure:12050: checking whether to build shared libraries
configure:12075: result: yes
configure:12078: checking whether to build static libraries
configure:12082: result: yes
configure:12120: checking for Python
configure:12187: checking for main in -lws2_32
configure:12206: x86_64-w64-mingw32-gcc -o conftest.exe -g -O2   conftest.c -lws2_32   >&5
configure:12206: $? = 0
configure:12215: result: yes
configure:12226: checking for main in -liphlpapi
configure:12245: x86_64-w64-mingw32-gcc -o conftest.exe -g -O2   conftest.c -liphlpapi  -lws2_32  >&5
configure:12245: $? = 0
configure:12254: result: yes
configure:12277: checking for main in -lws2_32
configure:12305: result: yes
configure:12316: checking for main in -liphlpapi
configure:12344: result: yes
configure:12739: checking for Check
configure:12774: result: no
configure:12791: checking for ANSI C header files
configure:12895: result: yes
configure:12907: checking for windows.h
configure:12907: x86_64-w64-mingw32-gcc -c -g -O2  conftest.c >&5
configure:12907: $? = 0
configure:12907: result: yes
configure:12907: checking for iphlpapi.h
configure:12907: x86_64-w64-mingw32-gcc -c -g -O2  conftest.c >&5
configure:12907: $? = 0
configure:12907: result: yes
configure:12923: checking winsock2.h usability
configure:12923: x86_64-w64-mingw32-gcc -c -g -O2  conftest.c >&5
configure:12923: $? = 0
configure:12923: result: yes
configure:12923: checking winsock2.h presence
configure:12923: x86_64-w64-mingw32-gcc -E  conftest.c
configure:12923: $? = 0
configure:12923: result: yes
configure:12923: checking for winsock2.h
configure:12923: result: yes
configure:13025: checking for an ANSI C-conforming const
configure:13091: x86_64-w64-mingw32-gcc -c -g -O2  conftest.c >&5
configure:13091: $? = 0
configure:13098: result: yes
configure:13106: checking for inline
configure:13122: x86_64-w64-mingw32-gcc -c -g -O2  conftest.c >&5
configure:13122: $? = 0
configure:13130: result: inline
configure:13148: checking for pid_t
configure:13148: x86_64-w64-mingw32-gcc -c -g -O2  conftest.c >&5
configure:13148: $? = 0
configure:13148: x86_64-w64-mingw32-gcc -c -g -O2  conftest.c >&5
conftest.c: In function 'main':
conftest.c:70:20: error: expected expression before ')' token
   70 | if (sizeof ((pid_t)))
      |                    ^
configure:13148: $? = 1
configure: failed program was:
| /* confdefs.h */
| #define PACKAGE_NAME "libdnet"
| #define PACKAGE_TARNAME "libdnet"
| #define PACKAGE_VERSION "1.13"
| #define PACKAGE_STRING "libdnet 1.13"
| #define PACKAGE_BUGREPORT ""
| #define PACKAGE_URL ""
| #define PACKAGE "libdnet"
| #define VERSION "1.13"
| #define STDC_HEADERS 1
| #define HAVE_SYS_TYPES_H 1
| #define HAVE_SYS_STAT_H 1
| #define HAVE_STDLIB_H 1
| #define HAVE_STRING_H 1
| #define HAVE_MEMORY_H 1
| #define HAVE_STRINGS_H 1
| #define HAVE_INTTYPES_H 1
| #define HAVE_STDINT_H 1
| #define HAVE_UNISTD_H 1
| #define LT_OBJDIR ".libs/"
| #define WIN32_LEAN_AND_MEAN 1
| #define HAVE_LIBWS2_32 1
| #define HAVE_LIBIPHLPAPI 1
| #define snprintf _snprintf
| #define WIN32_LEAN_AND_MEAN 1
| #define HAVE_LIBWS2_32 1
| #define HAVE_LIBIPHLPAPI 1
| #define snprintf _snprintf
| #define STDC_HEADERS 1
| #define HAVE_WINDOWS_H 1
| #define HAVE_IPHLPAPI_H 1
| #define HAVE_WINSOCK2_H 1
| /* end confdefs.h.  */
| #include <stdio.h>
| #ifdef HAVE_SYS_TYPES_H
| # include <sys/types.h>
| #endif
| #ifdef HAVE_SYS_STAT_H
| # include <sys/stat.h>
| #endif
| #ifdef STDC_HEADERS
| # include <stdlib.h>
| # include <stddef.h>
| #else
| # ifdef HAVE_STDLIB_H
| #  include <stdlib.h>
| # endif
| #endif
| #ifdef HAVE_STRING_H
| # if !defined STDC_HEADERS && defined HAVE_MEMORY_H
| #  include <memory.h>
| # endif
| # include <string.h>
| #endif
| #ifdef HAVE_STRINGS_H
| # include <strings.h>
| #endif
| #ifdef HAVE_INTTYPES_H
| # include <inttypes.h>
| #endif
| #ifdef HAVE_STDINT_H
| # include <stdint.h>
| #endif
| #ifdef HAVE_UNISTD_H
| # include <unistd.h>
| #endif
| int
| main ()
| {
| if (sizeof ((pid_t)))
| 	    return 0;
|   ;
|   return 0;
| }
configure:13148: result: yes
configure:13159: checking for size_t
configure:13159: x86_64-w64-mingw32-gcc -c -g -O2  conftest.c >&5
configure:13159: $? = 0
configure:13159: x86_64-w64-mingw32-gcc -c -g -O2  conftest.c >&5
conftest.c: In function 'main':
conftest.c:70:21: error: expected expression before ')' token
   70 | if (sizeof ((size_t)))
      |                     ^
configure:13159: $? = 1
configure: failed program was:
| /* confdefs.h */
| #define PACKAGE_NAME "libdnet"
| #define PACKAGE_TARNAME "libdnet"
| #define PACKAGE_VERSION "1.13"
| #define PACKAGE_STRING "libdnet 1.13"
| #define PACKAGE_BUGREPORT ""
| #define PACKAGE_URL ""
| #define PACKAGE "libdnet"
| #define VERSION "1.13"
| #define STDC_HEADERS 1
| #define HAVE_SYS_TYPES_H 1
| #define HAVE_SYS_STAT_H 1
| #define HAVE_STDLIB_H 1
| #define HAVE_STRING_H 1
| #define HAVE_MEMORY_H 1
| #define HAVE_STRINGS_H 1
| #define HAVE_INTTYPES_H 1
| #define HAVE_STDINT_H 1
| #define HAVE_UNISTD_H 1
| #define LT_OBJDIR ".libs/"
| #define WIN32_LEAN_AND_MEAN 1
| #define HAVE_LIBWS2_32 1
| #define HAVE_LIBIPHLPAPI 1
| #define snprintf _snprintf
| #define WIN32_LEAN_AND_MEAN 1
| #define HAVE_LIBWS2_32 1
| #define HAVE_LIBIPHLPAPI 1
| #define snprintf _snprintf
| #define STDC_HEADERS 1
| #define HAVE_WINDOWS_H 1
| #define HAVE_IPHLPAPI_H 1
| #define HAVE_WINSOCK2_H 1
| /* end confdefs.h.  */
| #include <stdio.h>
| #ifdef HAVE_SYS_TYPES_H
| # include <sys/types.h>
| #endif
| #ifdef HAVE_SYS_STAT_H
| # include <sys/stat.h>
| #endif
| #ifdef STDC_HEADERS
| # include <stdlib.h>
| # include <stddef.h>
| #else
| # ifdef HAVE_STDLIB_H
| #  include <stdlib.h>
| # endif
| #endif
| #ifdef HAVE_STRING_H
| # if !defined STDC_HEADERS && defined HAVE_MEMORY_H
| #  include <memory.h>
| # endif
| # include <string.h>
| #endif
| #ifdef HAVE_STRINGS_H
| # include <strings.h>
| #endif
| #ifdef HAVE_INTTYPES_H
| # include <inttypes.h>
| #endif
| #ifdef HAVE_STDINT_H
| # include <stdint.h>
| #endif
| #ifdef HAVE_UNISTD_H
| # include <unistd.h>
| #endif
| int
| main ()
| {
| if (sizeof ((size_t)))
| 	    return 0;
|   ;
|   return 0;
| }
configure:13159: result: yes
configure:13170: checking for sockaddr_in6 struct in <netinet/in.h>
configure:13189: x86_64-w64-mingw32-gcc -c -g -O2  conftest.c >&5
conftest.c:36:17: fatal error: sys/socket.h: No such file or directory
   36 | #       include <sys/socket.h>
      |                 ^~~~~~~~~~~~~~
compilation terminated.
configure:13189: $? = 1
configure: failed program was:
| /* confdefs.h */
| #define PACKAGE_NAME "libdnet"
| #define PACKAGE_TARNAME "libdnet"
| #define PACKAGE_VERSION "1.13"
| #define PACKAGE_STRING "libdnet 1.13"
| #define PACKAGE_BUGREPORT ""
| #define PACKAGE_URL ""
| #define PACKAGE "libdnet"
| #define VERSION "1.13"
| #define STDC_HEADERS 1
| #define HAVE_SYS_TYPES_H 1
| #define HAVE_SYS_STAT_H 1
| #define HAVE_STDLIB_H 1
| #define HAVE_STRING_H 1
| #define HAVE_MEMORY_H 1
| #define HAVE_STRINGS_H 1
| #define HAVE_INTTYPES_H 1
| #define HAVE_STDINT_H 1
| #define HAVE_UNISTD_H 1
| #define LT_OBJDIR ".libs/"
| #define WIN32_LEAN_AND_MEAN 1
| #define HAVE_LIBWS2_32 1
| #define HAVE_LIBIPHLPAPI 1
| #define snprintf _snprintf
| #define WIN32_LEAN_AND_MEAN 1
| #define HAVE_LIBWS2_32 1
| #define HAVE_LIBIPHLPAPI 1
| #define snprintf _snprintf
| #define STDC_HEADERS 1
| #define HAVE_WINDOWS_H 1
| #define HAVE_IPHLPAPI_H 1
| #define HAVE_WINSOCK2_H 1
| /* end confdefs.h.  */
| 
| #       include <sys/types.h>
| #	include <sys/socket.h>
| #       include <netinet/in.h>
| int
| main ()
| {
| struct sockaddr_in6 sin6; sin6.sin6_family = AF_INET6;
|   ;
|   return 0;
| }
configure:13197: result: no
configure:13316: checking whether x86_64-w64-mingw32-gcc needs -traditional
conftest.c:34:10: fatal error: sgtty.h: No such file or directory
   34 | #include <sgtty.h>
      |          ^~~~~~~~~
compilation terminated.
conftest.c:34:10: fatal error: termio.h: No such file or directory
   34 | #include <termio.h>
      |          ^~~~~~~~~~
compilation terminated.
configure:13350: result: no
configure:13361: checking for working memcmp
configure:13404: x86_64-w64-mingw32-gcc -o conftest.exe -g -O2 -Wall   -static-libgcc conftest.c -liphlpapi -lws2_32 -liphlpapi -lws2_32  >&5
configure:13404: $? = 0
configure:13404: ./conftest.exe
configure:13404: $? = 0
configure:13414: result: yes
configure:13423: checking for err
configure:13423: x86_64-w64-mingw32-gcc -o conftest.exe -g -O2 -Wall   -static-libgcc conftest.c -liphlpapi -lws2_32 -liphlpapi -lws2_32  >&5
C:/msys64/mingw64/bin/../lib/gcc/x86_64-w64-mingw32/15.2.0/../../../../x86_64-w64-mingw32/bin/ld.exe: C:\msys64\tmp\ccK8F2pk.o: in function `main':
C:/Users/Administrator/libev/libdnet-1.13/conftest.c:68:(.text.startup+0xa): undefined reference to `err'
collect2.exe: error: ld returned 1 exit status
configure:13423: $? = 1
configure: failed program was:
| /* confdefs.h */
| #define PACKAGE_NAME "libdnet"
| #define PACKAGE_TARNAME "libdnet"
| #define PACKAGE_VERSION "1.13"
| #define PACKAGE_STRING "libdnet 1.13"
| #define PACKAGE_BUGREPORT ""
| #define PACKAGE_URL ""
| #define PACKAGE "libdnet"
| #define VERSION "1.13"
| #define STDC_HEADERS 1
| #define HAVE_SYS_TYPES_H 1
| #define HAVE_SYS_STAT_H 1
| #define HAVE_STDLIB_H 1
| #define HAVE_STRING_H 1
| #define HAVE_MEMORY_H 1
| #define HAVE_STRINGS_H 1
| #define HAVE_INTTYPES_H 1
| #define HAVE_STDINT_H 1
| #define HAVE_UNISTD_H 1
| #define LT_OBJDIR ".libs/"
| #define WIN32_LEAN_AND_MEAN 1
| #define HAVE_LIBWS2_32 1
| #define HAVE_LIBIPHLPAPI 1
| #define snprintf _snprintf
| #define WIN32_LEAN_AND_MEAN 1
| #define HAVE_LIBWS2_32 1
| #define HAVE_LIBIPHLPAPI 1
| #define snprintf _snprintf
| #define STDC_HEADERS 1
| #define HAVE_WINDOWS_H 1
| #define HAVE_IPHLPAPI_H 1
| #define HAVE_WINSOCK2_H 1
| /* end confdefs.h.  */
| /* Define err to an innocuous variant, in case <limits.h> declares err.
|    For example, HP-UX 11i <limits.h> declares gettimeofday.  */
| #define err innocuous_err
| 
| /* System header to define __stub macros and hopefully few prototypes,
|     which can conflict with char err (); below.
|     Prefer <limits.h> to <assert.h> if __STDC__ is defined, since
|     <limits.h> exists even on freestanding compilers.  */
| 
| #ifdef __STDC__
| # include <limits.h>
| #else
| # include <assert.h>
| #endif
| 
| #undef err
| 
| /* Override any GCC internal prototype to avoid an error.
|    Use char because int might match the return type of a GCC
|    builtin and then its argument prototype would still apply.  */
| #ifdef __cplusplus
| extern "C"
| #endif
| char err ();
| /* The GNU C library defines this for functions which it implements
|     to always fail with ENOSYS.  Some functions are actually named
|     something starting with __ and the normal name is an alias.  */
| #if defined __stub_err || defined __stub___err
| choke me
| #endif
| 
| int
| main ()
| {
| return err ();
|   ;
|   return 0;
| }
configure:13423: result: no
configure:13436: checking for strlcat
configure:13436: x86_64-w64-mingw32-gcc -o conftest.exe -g -O2 -Wall   -static-libgcc conftest.c -liphlpapi -lws2_32 -liphlpapi -lws2_32  >&5
C:/msys64/mingw64/bin/../lib/gcc/x86_64-w64-mingw32/15.2.0/../../../../x86_64-w64-mingw32/bin/ld.exe: C:\msys64\tmp\ccQrYtJo.o: in function `main':
C:/Users/Administrator/libev/libdnet-1.13/conftest.c:68:(.text.startup+0xa): undefined reference to `strlcat'
collect2.exe: error: ld returned 1 exit status
configure:13436: $? = 1
configure: failed program was:
| /* confdefs.h */
| #define PACKAGE_NAME "libdnet"
| #define PACKAGE_TARNAME "libdnet"
| #define PACKAGE_VERSION "1.13"
| #define PACKAGE_STRING "libdnet 1.13"
| #define PACKAGE_BUGREPORT ""
| #define PACKAGE_URL ""
| #define PACKAGE "libdnet"
| #define VERSION "1.13"
| #define STDC_HEADERS 1
| #define HAVE_SYS_TYPES_H 1
| #define HAVE_SYS_STAT_H 1
| #define HAVE_STDLIB_H 1
| #define HAVE_STRING_H 1
| #define HAVE_MEMORY_H 1
| #define HAVE_STRINGS_H 1
| #define HAVE_INTTYPES_H 1
| #define HAVE_STDINT_H 1
| #define HAVE_UNISTD_H 1
| #define LT_OBJDIR ".libs/"
| #define WIN32_LEAN_AND_MEAN 1
| #define HAVE_LIBWS2_32 1
| #define HAVE_LIBIPHLPAPI 1
| #define snprintf _snprintf
| #define WIN32_LEAN_AND_MEAN 1
| #define HAVE_LIBWS2_32 1
| #define HAVE_LIBIPHLPAPI 1
| #define snprintf _snprintf
| #define STDC_HEADERS 1
| #define HAVE_WINDOWS_H 1
| #define HAVE_IPHLPAPI_H 1
| #define HAVE_WINSOCK2_H 1
| /* end confdefs.h.  */
| /* Define strlcat to an innocuous variant, in case <limits.h> declares strlcat.
|    For example, HP-UX 11i <limits.h> declares gettimeofday.  */
| #define strlcat innocuous_strlcat
| 
| /* System header to define __stub macros and hopefully few prototypes,
|     which can conflict with char strlcat (); below.
|     Prefer <limits.h> to <assert.h> if __STDC__ is defined, since
|     <limits.h> exists even on freestanding compilers.  */
| 
| #ifdef __STDC__
| # include <limits.h>
| #else
| # include <assert.h>
| #endif
| 
| #undef strlcat
| 
| /* Override any GCC internal prototype to avoid an error.
|    Use char because int might match the return type of a GCC
|    builtin and then its argument prototype would still apply.  */
| #ifdef __cplusplus
| extern "C"
| #endif
| char strlcat ();
| /* The GNU C library defines this for functions which it implements
|     to always fail with ENOSYS.  Some functions are actually named
|     something starting with __ and the normal name is an alias.  */
| #if defined __stub_strlcat || defined __stub___strlcat
| choke me
| #endif
| 
| int
| main ()
| {
| return strlcat ();
|   ;
|   return 0;
| }
configure:13436: result: no
configure:13449: checking for strlcpy
configure:13449: x86_64-w64-mingw32-gcc -o conftest.exe -g -O2 -Wall   -static-libgcc conftest.c -liphlpapi -lws2_32 -liphlpapi -lws2_32  >&5
C:/msys64/mingw64/bin/../lib/gcc/x86_64-w64-mingw32/15.2.0/../../../../x86_64-w64-mingw32/bin/ld.exe: C:\msys64\tmp\ccgs253j.o: in function `main':
C:/Users/Administrator/libev/libdnet-1.13/conftest.c:68:(.text.startup+0xa): undefined reference to `strlcpy'
collect2.exe: error: ld returned 1 exit status
configure:13449: $? = 1
configure: failed program was:
| /* confdefs.h */
| #define PACKAGE_NAME "libdnet"
| #define PACKAGE_TARNAME "libdnet"
| #define PACKAGE_VERSION "1.13"
| #define PACKAGE_STRING "libdnet 1.13"
| #define PACKAGE_BUGREPORT ""
| #define PACKAGE_URL ""
| #define PACKAGE "libdnet"
| #define VERSION "1.13"
| #define STDC_HEADERS 1
| #define HAVE_SYS_TYPES_H 1
| #define HAVE_SYS_STAT_H 1
| #define HAVE_STDLIB_H 1
| #define HAVE_STRING_H 1
| #define HAVE_MEMORY_H 1
| #define HAVE_STRINGS_H 1
| #define HAVE_INTTYPES_H 1
| #define HAVE_STDINT_H 1
| #define HAVE_UNISTD_H 1
| #define LT_OBJDIR ".libs/"
| #define WIN32_LEAN_AND_MEAN 1
| #define HAVE_LIBWS2_32 1
| #define HAVE_LIBIPHLPAPI 1
| #define snprintf _snprintf
| #define WIN32_LEAN_AND_MEAN 1
| #define HAVE_LIBWS2_32 1
| #define HAVE_LIBIPHLPAPI 1
| #define snprintf _snprintf
| #define STDC_HEADERS 1
| #define HAVE_WINDOWS_H 1
| #define HAVE_IPHLPAPI_H 1
| #define HAVE_WINSOCK2_H 1
| /* end confdefs.h.  */
| /* Define strlcpy to an innocuous variant, in case <limits.h> declares strlcpy.
|    For example, HP-UX 11i <limits.h> declares gettimeofday.  */
| #define strlcpy innocuous_strlcpy
| 
| /* System header to define __stub macros and hopefully few prototypes,
|     which can conflict with char strlcpy (); below.
|     Prefer <limits.h> to <assert.h> if __STDC__ is defined, since
|     <limits.h> exists even on freestanding compilers.  */
| 
| #ifdef __STDC__
| # include <limits.h>
| #else
| # include <assert.h>
| #endif
| 
| #undef strlcpy
| 
| /* Override any GCC internal prototype to avoid an error.
|    Use char because int might match the return type of a GCC
|    builtin and then its argument prototype would still apply.  */
| #ifdef __cplusplus
| extern "C"
| #endif
| char strlcpy ();
| /* The GNU C library defines this for functions which it implements
|     to always fail with ENOSYS.  Some functions are actually named
|     something starting with __ and the normal name is an alias.  */
| #if defined __stub_strlcpy || defined __stub___strlcpy
| choke me
| #endif
| 
| int
| main ()
| {
| return strlcpy ();
|   ;
|   return 0;
| }
configure:13449: result: no
configure:13462: checking for strsep
configure:13462: x86_64-w64-mingw32-gcc -o conftest.exe -g -O2 -Wall   -static-libgcc conftest.c -liphlpapi -lws2_32 -liphlpapi -lws2_32  >&5
C:/msys64/mingw64/bin/../lib/gcc/x86_64-w64-mingw32/15.2.0/../../../../x86_64-w64-mingw32/bin/ld.exe: C:\msys64\tmp\ccI4EyxE.o: in function `main':
C:/Users/Administrator/libev/libdnet-1.13/conftest.c:68:(.text.startup+0xa): undefined reference to `strsep'
collect2.exe: error: ld returned 1 exit status
configure:13462: $? = 1
configure: failed program was:
| /* confdefs.h */
| #define PACKAGE_NAME "libdnet"
| #define PACKAGE_TARNAME "libdnet"
| #define PACKAGE_VERSION "1.13"
| #define PACKAGE_STRING "libdnet 1.13"
| #define PACKAGE_BUGREPORT ""
| #define PACKAGE_URL ""
| #define PACKAGE "libdnet"
| #define VERSION "1.13"
| #define STDC_HEADERS 1
| #define HAVE_SYS_TYPES_H 1
| #define HAVE_SYS_STAT_H 1
| #define HAVE_STDLIB_H 1
| #define HAVE_STRING_H 1
| #define HAVE_MEMORY_H 1
| #define HAVE_STRINGS_H 1
| #define HAVE_INTTYPES_H 1
| #define HAVE_STDINT_H 1
| #define HAVE_UNISTD_H 1
| #define LT_OBJDIR ".libs/"
| #define WIN32_LEAN_AND_MEAN 1
| #define HAVE_LIBWS2_32 1
| #define HAVE_LIBIPHLPAPI 1
| #define snprintf _snprintf
| #define WIN32_LEAN_AND_MEAN 1
| #define HAVE_LIBWS2_32 1
| #define HAVE_LIBIPHLPAPI 1
| #define snprintf _snprintf
| #define STDC_HEADERS 1
| #define HAVE_WINDOWS_H 1
| #define HAVE_IPHLPAPI_H 1
| #define HAVE_WINSOCK2_H 1
| /* end confdefs.h.  */
| /* Define strsep to an innocuous variant, in case <limits.h> declares strsep.
|    For example, HP-UX 11i <limits.h> declares gettimeofday.  */
| #define strsep innocuous_strsep
| 
| /* System header to define __stub macros and hopefully few prototypes,
|     which can conflict with char strsep (); below.
|     Prefer <limits.h> to <assert.h> if __STDC__ is defined, since
|     <limits.h> exists even on freestanding compilers.  */
| 
| #ifdef __STDC__
| # include <limits.h>
| #else
| # include <assert.h>
| #endif
| 
| #undef strsep
| 
| /* Override any GCC internal prototype to avoid an error.
|    Use char because int might match the return type of a GCC
|    builtin and then its argument prototype would still apply.  */
| #ifdef __cplusplus
| extern "C"
| #endif
| char strsep ();
| /* The GNU C library defines this for functions which it implements
|     to always fail with ENOSYS.  Some functions are actually named
|     something starting with __ and the normal name is an alias.  */
| #if defined __stub_strsep || defined __stub___strsep
| choke me
| #endif
| 
| int
| main ()
| {
| return strsep ();
|   ;
|   return 0;
| }
configure:13462: result: no
configure:14035: checking that generated files are newer than configure
configure:14041: result: done
configure:14080: creating ./config.status

## ---------------------- ##
## Running config.status. ##
## ---------------------- ##

This file was extended by libdnet config.status 1.13, which was
generated by GNU Autoconf 2.69.  Invocation command line was

  CONFIG_FILES    = 
  CONFIG_HEADERS  = 
  CONFIG_LINKS    = 
  CONFIG_COMMANDS = 
  $ ./config.status 

on DESKTOP-GJKS1DP

config.status:1136: creating Makefile
config.status:1136: creating dnet-config
config.status:1136: creating include/Makefile
config.status:1136: creating include/dnet/Makefile
config.status:1136: creating man/Makefile
config.status:1136: creating src/Makefile
config.status:1136: creating python/Makefile
config.status:1136: creating python/setup.py
config.status:1136: creating test/Makefile
config.status:1136: creating test/check/Makefile
config.status:1136: creating test/dnet/Makefile
config.status:1136: creating include/config.h
config.status:1365: executing depfiles commands
config.status:1365: executing libtool commands
config.status:1365: executing default commands
configure:16233: WARNING: unrecognized options: --disable-python

## ---------------- ##
## Cache variables. ##
## ---------------- ##

ac_cv_build=x86_64-w64-mingw32
ac_cv_c_compiler_gnu=yes
ac_cv_c_const=yes
ac_cv_c_inline=inline
ac_cv_dnet_netinet_in_h_has_sockaddr_in6=no
ac_cv_env_CC_set=
ac_cv_env_CC_value=
ac_cv_env_CFLAGS_set=
ac_cv_env_CFLAGS_value=
ac_cv_env_CPPFLAGS_set=
ac_cv_env_CPPFLAGS_value=
ac_cv_env_CPP_set=
ac_cv_env_CPP_value=
ac_cv_env_LDFLAGS_set=
ac_cv_env_LDFLAGS_value=
ac_cv_env_LIBS_set=
ac_cv_env_LIBS_value=
ac_cv_env_LT_SYS_LIBRARY_PATH_set=
ac_cv_env_LT_SYS_LIBRARY_PATH_value=
ac_cv_env_build_alias_set=set
ac_cv_env_build_alias_value=x86_64-w64-mingw32
ac_cv_env_host_alias_set=set
ac_cv_env_host_alias_value=x86_64-w64-mingw32
ac_cv_env_target_alias_set=
ac_cv_env_target_alias_value=
ac_cv_exeext=.exe
ac_cv_func_err=no
ac_cv_func_memcmp_working=yes
ac_cv_func_strlcat=no
ac_cv_func_strlcpy=no
ac_cv_func_strsep=no
ac_cv_header_dlfcn_h=no
ac_cv_header_inttypes_h=yes
ac_cv_header_iphlpapi_h=yes
ac_cv_header_memory_h=yes
ac_cv_header_stdc=yes
ac_cv_header_stdint_h=yes
ac_cv_header_stdlib_h=yes
ac_cv_header_string_h=yes
ac_cv_header_strings_h=yes
ac_cv_header_sys_stat_h=yes
ac_cv_header_sys_types_h=yes
ac_cv_header_unistd_h=yes
ac_cv_header_windows_h=yes
ac_cv_header_winsock2_h=yes
ac_cv_host=x86_64-w64-mingw32
ac_cv_lib_iphlpapi_main=yes
ac_cv_lib_ws2_32_main=yes
ac_cv_objext=o
ac_cv_path_EGREP='/usr/bin/grep -E'
ac_cv_path_FGREP='/usr/bin/grep -F'
ac_cv_path_GREP=/usr/bin/grep
ac_cv_path_SED=/usr/bin/sed
ac_cv_path_install='/usr/bin/install -c'
ac_cv_path_lt_DD=/usr/bin/dd
ac_cv_path_mkdir=/usr/bin/mkdir
ac_cv_prog_AWK=gawk
ac_cv_prog_CC=x86_64-w64-mingw32-gcc
ac_cv_prog_CPP='x86_64-w64-mingw32-gcc -E'
ac_cv_prog_ac_ct_AR=ar
ac_cv_prog_ac_ct_DLLTOOL=dlltool
ac_cv_prog_ac_ct_OBJDUMP=objdump
ac_cv_prog_ac_ct_RANLIB=ranlib
ac_cv_prog_ac_ct_STRIP=strip
ac_cv_prog_cc_c89=
ac_cv_prog_cc_g=yes
ac_cv_prog_gcc_traditional=no
ac_cv_prog_make_make_set=yes
ac_cv_type_pid_t=yes
ac_cv_type_size_t=yes
am_cv_CC_dependencies_compiler_type=none
am_cv_make_support_nested_variables=yes
am_cv_prog_cc_c_o=yes
lt_cv_ar_at_file=@
lt_cv_archive_cmds_need_lc=yes
lt_cv_deplibs_check_method='file_magic ^x86 archive import|^x86 DLL'
lt_cv_dlopen=LoadLibrary
lt_cv_dlopen_libs=
lt_cv_file_magic_cmd=func_win32_libid
lt_cv_file_magic_test_file=
lt_cv_ld_reload_flag=-r
lt_cv_nm_interface='BSD nm'
lt_cv_objdir=.libs
lt_cv_path_LD=C:/msys64/mingw64/x86_64-w64-mingw32/bin/ld.exe
lt_cv_path_NM='/mingw64/bin/nm -B'
lt_cv_path_mainfest_tool=no
lt_cv_prog_compiler_c_o=yes
lt_cv_prog_compiler_pic='-DDLL_EXPORT -DPIC'
lt_cv_prog_compiler_pic_works=yes
lt_cv_prog_compiler_rtti_exceptions=no
lt_cv_prog_compiler_static_works=yes
lt_cv_prog_gnu_ld=yes
lt_cv_sharedlib_from_linklib_cmd=func_cygming_dll_for_implib
lt_cv_sys_global_symbol_pipe='sed -n -e '\''s/^.*[	 ]\([ABCDGIRSTW][ABCDGIRSTW]*\)[	 ][	 ]*\([_A-Za-z][_A-Za-z0-9]*\)\{0,1\}$/\1 \2 \2/p'\'' | sed '\''/ __gnu_lto/d'\'''
lt_cv_sys_global_symbol_to_c_name_address='sed -n -e '\''s/^: \(.*\) .*$/  {"\1", (void *) 0},/p'\'' -e '\''s/^[ABCDGIRSTW][ABCDGIRSTW]* .* \(.*\)$/  {"\1", (void *) \&\1},/p'\'''
lt_cv_sys_global_symbol_to_c_name_address_lib_prefix='sed -n -e '\''s/^: \(.*\) .*$/  {"\1", (void *) 0},/p'\'' -e '\''s/^[ABCDGIRSTW][ABCDGIRSTW]* .* \(lib.*\)$/  {"\1", (void *) \&\1},/p'\'' -e '\''s/^[ABCDGIRSTW][ABCDGIRSTW]* .* \(.*\)$/  {"lib\1", (void *) \&\1},/p'\'''
lt_cv_sys_global_symbol_to_cdecl='sed -n -e '\''s/^T .* \(.*\)$/extern int \1();/p'\'' -e '\''s/^[ABCDGIRSTW][ABCDGIRSTW]* .* \(.*\)$/extern char \1;/p'\'''
lt_cv_sys_global_symbol_to_import=
lt_cv_sys_max_cmd_len=8192
lt_cv_to_host_file_cmd=func_convert_file_msys_to_w32
lt_cv_to_tool_file_cmd=func_convert_file_msys_to_w32
lt_cv_truncate_bin='/usr/bin/dd bs=4096 count=1'

## ----------------- ##
## Output variables. ##
## ----------------- ##

ACLOCAL='${SHELL} /c/Users/Administrator/libev/libdnet-1.13/config/missing aclocal-1.16'
AMDEPBACKSLASH='\'
AMDEP_FALSE='#'
AMDEP_TRUE=''
AMTAR='$${TAR-tar}'
AM_BACKSLASH='\'
AM_DEFAULT_V='$(AM_DEFAULT_VERBOSITY)'
AM_DEFAULT_VERBOSITY='1'
AM_V='$(V)'
AR='ar'
AUTOCONF='${SHELL} /c/Users/Administrator/libev/libdnet-1.13/config/missing autoconf'
AUTOHEADER='${SHELL} /c/Users/Administrator/libev/libdnet-1.13/config/missing autoheader'
AUTOMAKE='${SHELL} /c/Users/Administrator/libev/libdnet-1.13/config/missing automake-1.16'
AWK='gawk'
CC='x86_64-w64-mingw32-gcc'
CCDEPMODE='depmode=none'
CFLAGS='-g -O2 -Wall'
CHECKINC=''
CHECKLIB=''
CPP='x86_64-w64-mingw32-gcc -E'
CPPFLAGS=''
CYGPATH_W='cygpath -w'
DEFS='-DHAVE_CONFIG_H'
DEPDIR='.deps'
DLLTOOL='dlltool'
DSYMUTIL=''
DUMPBIN=''
ECHO_C=''
ECHO_N='-n'
ECHO_T=''
EGREP='/usr/bin/grep -E'
EXEEXT='.exe'
FGREP='/usr/bin/grep -F'
GREP='/usr/bin/grep'
HAVE_CHECK_FALSE=''
HAVE_CHECK_TRUE='#'
INSTALL_DATA='${INSTALL} -m 644'
INSTALL_PROGRAM='${INSTALL}'
INSTALL_SCRIPT='${INSTALL}'
INSTALL_STRIP_PROGRAM='$(install_sh) -c -s'
LD='C:/msys64/mingw64/x86_64-w64-mingw32/bin/ld.exe'
LDFLAGS=' -static-libgcc'
LIBOBJS=' ${LIBOBJDIR}err$U.o ${LIBOBJDIR}strlcat$U.o ${LIBOBJDIR}strlcpy$U.o ${LIBOBJDIR}strsep$U.o ${LIBOBJDIR}arp-win32$U.o ${LIBOBJDIR}eth-win32$U.o ${LIBOBJDIR}fw-pktfilter$U.o ${LIBOBJDIR}intf-win32$U.o ${LIBOBJDIR}ip-win32$U.o ${LIBOBJDIR}route-win32$U.o ${LIBOBJDIR}tun-none$U.o'
LIBS='-liphlpapi -lws2_32 -liphlpapi -lws2_32 '
LIBTOOL='$(SHELL) $(top_builddir)/libtool'
LIPO=''
LN_S='cp -pR'
LTLIBOBJS=' ${LIBOBJDIR}err$U.lo ${LIBOBJDIR}strlcat$U.lo ${LIBOBJDIR}strlcpy$U.lo ${LIBOBJDIR}strsep$U.lo ${LIBOBJDIR}arp-win32$U.lo ${LIBOBJDIR}eth-win32$U.lo ${LIBOBJDIR}fw-pktfilter$U.lo ${LIBOBJDIR}intf-win32$U.lo ${LIBOBJDIR}ip-win32$U.lo ${LIBOBJDIR}route-win32$U.lo ${LIBOBJDIR}tun-none$U.lo'
LT_SYS_LIBRARY_PATH=''
MAINT='#'
MAINTAINER_MODE_FALSE=''
MAINTAINER_MODE_TRUE='#'
MAKEINFO='${SHELL} /c/Users/Administrator/libev/libdnet-1.13/config/missing makeinfo'
MANIFEST_TOOL=':'
MKDIR_P='/usr/bin/mkdir -p'
NM='/mingw64/bin/nm -B'
NMEDIT=''
OBJDUMP='objdump'
OBJEXT='o'
OTOOL64=''
OTOOL=''
PACKAGE='libdnet'
PACKAGE_BUGREPORT=''
PACKAGE_NAME='libdnet'
PACKAGE_STRING='libdnet 1.13'
PACKAGE_TARNAME='libdnet'
PACKAGE_URL=''
PACKAGE_VERSION='1.13'
PATH_SEPARATOR=':'
PYTHON=''
PYTHON_FALSE=''
PYTHON_TRUE='#'
RANLIB='ranlib'
SED='/usr/bin/sed'
SET_MAKE=''
SHELL='/bin/sh'
STRIP='strip'
TCLINC=''
TCLLIB=''
TCL_FALSE=''
TCL_TRUE='#'
VERSION='1.13'
ac_aux_dir='config'
ac_ct_AR='ar'
ac_ct_CC=''
ac_ct_DUMPBIN=''
am__EXEEXT_FALSE='#'
am__EXEEXT_TRUE=''
am__fastdepCC_FALSE=''
am__fastdepCC_TRUE='#'
am__include='include'
am__isrc=''
am__leading_dot='.'
am__nodep='_no'
am__quote=''
am__tar='$${TAR-tar} chof - "$$tardir"'
am__untar='$${TAR-tar} xf -'
bindir='${exec_prefix}/bin'
build='x86_64-w64-mingw32'
build_alias='x86_64-w64-mingw32'
build_cpu='x86_64'
build_os='mingw32'
build_vendor='w64'
datadir='${datarootdir}'
datarootdir='${prefix}/share'
docdir='${datarootdir}/doc/${PACKAGE_TARNAME}'
dvidir='${docdir}'
exec_prefix='${prefix}'
host='x86_64-w64-mingw32'
host_alias='x86_64-w64-mingw32'
host_cpu='x86_64'
host_os='mingw32'
host_vendor='w64'
htmldir='${docdir}'
includedir='${prefix}/include'
infodir='${datarootdir}/info'
install_sh='${SHELL} /c/Users/Administrator/libev/libdnet-1.13/config/install-sh'
libdir='${exec_prefix}/lib'
libexecdir='${exec_prefix}/libexec'
localedir='${datarootdir}/locale'
localstatedir='${prefix}/var'
mandir='${datarootdir}/man'
mkdir_p='$(MKDIR_P)'
oldincludedir='/usr/include'
pdfdir='${docdir}'
prefix='/mingw64'
program_transform_name='s,x,x,'
psdir='${docdir}'
runstatedir='${localstatedir}/run'
sbindir='${exec_prefix}/sbin'
sharedstatedir='${prefix}/com'
sysconfdir='${prefix}/etc'
target_alias=''

## ----------- ##
## confdefs.h. ##
## ----------- ##

/* confdefs.h */
#define PACKAGE_NAME "libdnet"
#define PACKAGE_TARNAME "libdnet"
#define PACKAGE_VERSION "1.13"
#define PACKAGE_STRING "libdnet 1.13"
#define PACKAGE_BUGREPORT ""
#define PACKAGE_URL ""
#define PACKAGE "libdnet"
#define VERSION "1.13"
#define STDC_HEADERS 1
#define HAVE_SYS_TYPES_H 1
#define HAVE_SYS_STAT_H 1
#define HAVE_STDLIB_H 1
#define HAVE_STRING_H 1
#define HAVE_MEMORY_H 1
#define HAVE_STRINGS_H 1
#define HAVE_INTTYPES_H 1
#define HAVE_STDINT_H 1
#define HAVE_UNISTD_H 1
#define LT_OBJDIR ".libs/"
#define WIN32_LEAN_AND_MEAN 1
#define HAVE_LIBWS2_32 1
#define HAVE_LIBIPHLPAPI 1
#define snprintf _snprintf
#define WIN32_LEAN_AND_MEAN 1
#define HAVE_LIBWS2_32 1
#define HAVE_LIBIPHLPAPI 1
#define snprintf _snprintf
#define STDC_HEADERS 1
#define HAVE_WINDOWS_H 1
#define HAVE_IPHLPAPI_H 1
#define HAVE_WINSOCK2_H 1

configure: exit 0
